This is pdfTeX, Version 3.141592653-2.6-1.40.27 (MiKTeX 25.4) (preloaded format=pdflatex 2025.9.17)  17 SEP 2025 01:18
entering extended mode
 restricted \write18 enabled.
 file:line:error style messages enabled.
 %&-line parsing enabled.
**/home/giankyle/Documents/LBYEC4F/LBYEC4F-EK3/report-template/LBYEC4F-Exp1.tex
(/home/giankyle/Documents/LBYEC4F/LBYEC4F-EK3/report-template/LBYEC4F-Exp1.tex
LaTeX2e <2025-06-01> patch level 1
L3 programming layer <2025-08-13>
(preamble.ltx (/home/giankyle/.miktex/texmfs/install/tex/latex/ieeetran/IEEEtran.cls
Document Class: IEEEtran 2015/08/26 V1.8b by Michael Shell
-- See the "IEEEtran_HOWTO" manual for usage information.
-- http://www.michaelshell.org/tex/ieeetran/
\@IEEEtrantmpdimenA=\dimen148
\@IEEEtrantmpdimenB=\dimen149
\@IEEEtrantmpdimenC=\dimen150
\@IEEEtrantmpcountA=\count275
\@IEEEtrantmpcountB=\count276
\@IEEEtrantmpcountC=\count277
\@IEEEtrantmptoksA=\toks17
LaTeX Font Info:    Trying to load font information for OT1+ppl on input line 503.
(/home/giankyle/.miktex/texmfs/install/tex/latex/psnfss/ot1ppl.fd
File: ot1ppl.fd 2001/06/04 font definitions for OT1/ppl.
)
-- Using IEEE Computer Society mode.
-- Using 8.5in x 11in (letter) paper.
-- Using PDF output.
\@IEEEnormalsizeunitybaselineskip=\dimen151
-- This is a 9 point document.
LaTeX Encoding Info:    Redeclaring text command \textunderscore (encoding ?) on input line 937.
\CLASSINFOnormalsizebaselineskip=\dimen152
\CLASSINFOnormalsizeunitybaselineskip=\dimen153
\IEEEnormaljot=\dimen154
LaTeX Font Info:    Font shape `OT1/ppl/bx/n' in size <5.01874> not available
(Font)              Font shape `OT1/ppl/b/n' tried instead on input line 1090.
LaTeX Font Info:    Font shape `OT1/ppl/bx/it' in size <5.01874> not available
(Font)              Font shape `OT1/ppl/b/it' tried instead on input line 1090.
LaTeX Font Info:    Font shape `OT1/ppl/bx/n' in size <7.02625> not available
(Font)              Font shape `OT1/ppl/b/n' tried instead on input line 1090.
LaTeX Font Info:    Font shape `OT1/ppl/bx/it' in size <7.02625> not available
(Font)              Font shape `OT1/ppl/b/it' tried instead on input line 1090.
LaTeX Font Info:    Font shape `OT1/ppl/bx/n' in size <8.03> not available
(Font)              Font shape `OT1/ppl/b/n' tried instead on input line 1090.
LaTeX Font Info:    Font shape `OT1/ppl/bx/it' in size <8.03> not available
(Font)              Font shape `OT1/ppl/b/it' tried instead on input line 1090.
LaTeX Font Info:    Font shape `OT1/ppl/bx/n' in size <8.53186> not available
(Font)              Font shape `OT1/ppl/b/n' tried instead on input line 1090.
LaTeX Font Info:    Font shape `OT1/ppl/bx/it' in size <8.53186> not available
(Font)              Font shape `OT1/ppl/b/it' tried instead on input line 1090.
LaTeX Font Info:    Font shape `OT1/ppl/bx/n' in size <9.03374> not available
(Font)              Font shape `OT1/ppl/b/n' tried instead on input line 1090.
LaTeX Font Info:    Font shape `OT1/ppl/bx/it' in size <9.03374> not available
(Font)              Font shape `OT1/ppl/b/it' tried instead on input line 1090.
LaTeX Font Info:    Font shape `OT1/ppl/bx/n' in size <10.03749> not available
(Font)              Font shape `OT1/ppl/b/n' tried instead on input line 1090.
LaTeX Font Info:    Font shape `OT1/ppl/bx/it' in size <10.03749> not available
(Font)              Font shape `OT1/ppl/b/it' tried instead on input line 1090.
LaTeX Font Info:    Font shape `OT1/ppl/bx/n' in size <14.05249> not available
(Font)              Font shape `OT1/ppl/b/n' tried instead on input line 1090.
LaTeX Font Info:    Font shape `OT1/ppl/bx/it' in size <14.05249> not available
(Font)              Font shape `OT1/ppl/b/it' tried instead on input line 1090.
LaTeX Font Info:    Font shape `OT1/ppl/bx/n' in size <17.06374> not available
(Font)              Font shape `OT1/ppl/b/n' tried instead on input line 1090.
LaTeX Font Info:    Font shape `OT1/ppl/bx/it' in size <17.06374> not available
(Font)              Font shape `OT1/ppl/b/it' tried instead on input line 1090.
LaTeX Font Info:    Font shape `OT1/ppl/bx/n' in size <20.075> not available
(Font)              Font shape `OT1/ppl/b/n' tried instead on input line 1090.
LaTeX Font Info:    Font shape `OT1/ppl/bx/it' in size <20.075> not available
(Font)              Font shape `OT1/ppl/b/it' tried instead on input line 1090.
\IEEEquantizedlength=\dimen155
\IEEEquantizedlengthdiff=\dimen156
\IEEEquantizedtextheightdiff=\dimen157
\IEEEilabelindentA=\dimen158
\IEEEilabelindentB=\dimen159
\IEEEilabelindent=\dimen160
\IEEEelabelindent=\dimen161
\IEEEdlabelindent=\dimen162
\IEEElabelindent=\dimen163
\IEEEiednormlabelsep=\dimen164
\IEEEiedmathlabelsep=\dimen165
\IEEEiedtopsep=\skip49
\c@section=\count278
\c@subsection=\count279
\c@subsubsection=\count280
\c@paragraph=\count281
\c@IEEEsubequation=\count282
\abovecaptionskip=\skip50
\belowcaptionskip=\skip51
\c@figure=\count283
\c@table=\count284
\@IEEEeqnnumcols=\count285
\@IEEEeqncolcnt=\count286
\@IEEEsubeqnnumrollback=\count287
\@IEEEquantizeheightA=\dimen166
\@IEEEquantizeheightB=\dimen167
\@IEEEquantizeheightC=\dimen168
\@IEEEquantizeprevdepth=\dimen169
\@IEEEquantizemultiple=\count288
\@IEEEquantizeboxA=\box53
\@IEEEtmpitemindent=\dimen170
\IEEEPARstartletwidth=\dimen171
\c@IEEEbiography=\count289
\@IEEEtranrubishbin=\box54
) (/home/giankyle/.miktex/texmfs/install/tex/latex/amsmath/amsmath.sty
Package: amsmath 2025/06/16 v2.17y AMS math features
\@mathmargin=\skip52

For additional information on amsmath, use the `?' option.
(/home/giankyle/.miktex/texmfs/install/tex/latex/amsmath/amstext.sty
Package: amstext 2024/11/17 v2.01 AMS text
 (/home/giankyle/.miktex/texmfs/install/tex/latex/amsmath/amsgen.sty
File: amsgen.sty 1999/11/30 v2.0 generic functions
\@emptytoks=\toks18
\ex@=\dimen172
)) (/home/giankyle/.miktex/texmfs/install/tex/latex/amsmath/amsbsy.sty
Package: amsbsy 1999/11/29 v1.2d Bold Symbols
\pmbraise@=\dimen173
) (/home/giankyle/.miktex/texmfs/install/tex/latex/amsmath/amsopn.sty
Package: amsopn 2022/04/08 v2.04 operator names
)
\inf@bad=\count290
LaTeX Info: Redefining \frac on input line 233.
\uproot@=\count291
\leftroot@=\count292
LaTeX Info: Redefining \overline on input line 398.
LaTeX Info: Redefining \colon on input line 409.
\classnum@=\count293
\DOTSCASE@=\count294
LaTeX Info: Redefining \ldots on input line 495.
LaTeX Info: Redefining \dots on input line 498.
LaTeX Info: Redefining \cdots on input line 619.
\Mathstrutbox@=\box55
\strutbox@=\box56
LaTeX Info: Redefining \big on input line 721.
LaTeX Info: Redefining \Big on input line 722.
LaTeX Info: Redefining \bigg on input line 723.
LaTeX Info: Redefining \Bigg on input line 724.
\big@size=\dimen174
LaTeX Font Info:    Redeclaring font encoding OML on input line 742.
LaTeX Font Info:    Redeclaring font encoding OMS on input line 743.
\macc@depth=\count295
LaTeX Info: Redefining \bmod on input line 904.
LaTeX Info: Redefining \pmod on input line 909.
LaTeX Info: Redefining \smash on input line 939.
LaTeX Info: Redefining \relbar on input line 969.
LaTeX Info: Redefining \Relbar on input line 970.
\c@MaxMatrixCols=\count296
\dotsspace@=\muskip17
\c@parentequation=\count297
\dspbrk@lvl=\count298
\tag@help=\toks19
\row@=\count299
\column@=\count300
\maxfields@=\count301
\andhelp@=\toks20
\eqnshift@=\dimen175
\alignsep@=\dimen176
\tagshift@=\dimen177
\tagwidth@=\dimen178
\totwidth@=\dimen179
\lineht@=\dimen180
\@envbody=\toks21
\multlinegap=\skip53
\multlinetaggap=\skip54
\mathdisplay@stack=\toks22
LaTeX Info: Redefining \[ on input line 2949.
LaTeX Info: Redefining \] on input line 2950.
) (/home/giankyle/.miktex/texmfs/install/tex/latex/amsfonts/amssymb.sty
Package: amssymb 2013/01/14 v3.01 AMS font symbols
 (/home/giankyle/.miktex/texmfs/install/tex/latex/amsfonts/amsfonts.sty
Package: amsfonts 2013/01/14 v3.01 Basic AMSFonts support
\symAMSa=\mathgroup4
\symAMSb=\mathgroup5
LaTeX Font Info:    Redeclaring math symbol \hbar on input line 98.
LaTeX Font Info:    Overwriting math alphabet `\mathfrak' in version `bold'
(Font)                  U/euf/m/n --> U/euf/b/n on input line 106.
)) (/home/giankyle/.miktex/texmfs/install/tex/latex/isomath/isomath.sty
Package: isomath 2012/09/04 v0.6.1 ISO math style
 (/home/giankyle/.miktex/texmfs/install/tex/latex/fixmath/fixmath.sty
Package: fixmath 2022/10/06 v0.9.1 (WaS)
LaTeX Font Info:    Redeclaring math symbol \Gamma on input line 27.
LaTeX Font Info:    Redeclaring math symbol \Delta on input line 28.
LaTeX Font Info:    Redeclaring math symbol \Theta on input line 29.
LaTeX Font Info:    Redeclaring math symbol \Lambda on input line 30.
LaTeX Font Info:    Redeclaring math symbol \Xi on input line 31.
LaTeX Font Info:    Redeclaring math symbol \Pi on input line 32.
LaTeX Font Info:    Redeclaring math symbol \Sigma on input line 33.
LaTeX Font Info:    Redeclaring math symbol \Upsilon on input line 34.
LaTeX Font Info:    Redeclaring math symbol \Phi on input line 35.
LaTeX Font Info:    Redeclaring math symbol \Psi on input line 36.
LaTeX Font Info:    Redeclaring math symbol \Omega on input line 37.
LaTeX Font Info:    Redeclaring math symbol \alpha on input line 38.
LaTeX Font Info:    Redeclaring math symbol \beta on input line 39.
LaTeX Font Info:    Redeclaring math symbol \gamma on input line 40.
LaTeX Font Info:    Redeclaring math symbol \delta on input line 41.
LaTeX Font Info:    Redeclaring math symbol \epsilon on input line 42.
LaTeX Font Info:    Redeclaring math symbol \zeta on input line 43.
LaTeX Font Info:    Redeclaring math symbol \eta on input line 44.
LaTeX Font Info:    Redeclaring math symbol \theta on input line 45.
LaTeX Font Info:    Redeclaring math symbol \iota on input line 46.
LaTeX Font Info:    Redeclaring math symbol \kappa on input line 47.
LaTeX Font Info:    Redeclaring math symbol \lambda on input line 48.
LaTeX Font Info:    Redeclaring math symbol \mu on input line 49.
LaTeX Font Info:    Redeclaring math symbol \nu on input line 50.
LaTeX Font Info:    Redeclaring math symbol \xi on input line 51.
LaTeX Font Info:    Redeclaring math symbol \pi on input line 52.
LaTeX Font Info:    Redeclaring math symbol \rho on input line 53.
LaTeX Font Info:    Redeclaring math symbol \sigma on input line 54.
LaTeX Font Info:    Redeclaring math symbol \tau on input line 55.
LaTeX Font Info:    Redeclaring math symbol \upsilon on input line 56.
LaTeX Font Info:    Redeclaring math symbol \phi on input line 57.
LaTeX Font Info:    Redeclaring math symbol \chi on input line 58.
LaTeX Font Info:    Redeclaring math symbol \psi on input line 59.
LaTeX Font Info:    Redeclaring math symbol \omega on input line 60.
LaTeX Font Info:    Redeclaring math symbol \varepsilon on input line 61.
LaTeX Font Info:    Redeclaring math symbol \vartheta on input line 62.
LaTeX Font Info:    Redeclaring math symbol \varpi on input line 63.
LaTeX Font Info:    Redeclaring math symbol \varphi on input line 64.
LaTeX Font Info:    Redeclaring math symbol \varrho on input line 65.
LaTeX Font Info:    Redeclaring math symbol \varsigma on input line 66.
) (/home/giankyle/.miktex/texmfs/install/tex/latex/kvoptions/kvoptions.sty
Package: kvoptions 2022-06-15 v3.15 Key value format for package options (HO)
 (/home/giankyle/.miktex/texmfs/install/tex/latex/graphics/keyval.sty
Package: keyval 2022/05/29 v1.15 key=value parser (DPC)
\KV@toks@=\toks23
) (/home/giankyle/.miktex/texmfs/install/tex/generic/ltxcmds/ltxcmds.sty
Package: ltxcmds 2023-12-04 v1.26 LaTeX kernel commands for general use (HO)
) (/home/giankyle/.miktex/texmfs/install/tex/latex/kvsetkeys/kvsetkeys.sty
Package: kvsetkeys 2022-10-05 v1.19 Key value parser (HO)
))
LaTeX Font Info:    Overwriting math alphabet `\mathsfit' in version `bold'
(Font)                  OML/cmbr/m/it --> OML/cmbr/bx/it on input line 201.
) (/home/giankyle/.miktex/texmfs/install/tex/latex/jknappen/mathrsfs.sty
Package: mathrsfs 1996/01/01 Math RSFS package v1.0 (jk)
\symrsfs=\mathgroup6
) (/home/giankyle/.miktex/texmfs/install/tex/latex/tools/array.sty
Package: array 2025/06/08 v2.6j Tabular extension package (FMi)
\col@sep=\dimen181
\ar@mcellbox=\box57
\extrarowheight=\dimen182
\NC@list=\toks24
\extratabsurround=\skip55
\backup@length=\skip56
\ar@cellbox=\box58
) (/home/giankyle/.miktex/texmfs/install/tex/generic/xint/xintexpr.sty (/home/giankyle/.miktex/texmfs/install/tex/generic/xint/xintfrac.sty (/home/giankyle/.miktex/texmfs/install/tex/generic/xint/xint.sty (/home/giankyle/.miktex/texmfs/install/tex/generic/xint/xintcore.sty (/home/giankyle/.miktex/texmfs/install/tex/generic/xint/xintkernel.sty
Package: xintkernel 2025/09/06 v1.4o Paraphernalia for the xint packages (JFB)
\xint_c_x^v=\count302
\xint_c_x^viii=\count303
\xint_c_x^ix=\count304
\xint_c_x^viii_mone=\count305
\xint_c_nine_x^viii=\count306
\xint_c_xi_e_viii_mone=\count307
\xint_c_xii_e_viii=\count308
\xint_c_ii^xv=\count309
\xint_c_ii^xvi=\count310
\xint_c_ii^xxi=\count311
)
Package: xintcore 2025/09/06 v1.4o Expandable arithmetic on big integers (JFB)
)
Package: xint 2025/09/06 v1.4o Expandable operations on big integers (JFB)
)
Package: xintfrac 2025/09/06 v1.4o Expandable operations on fractions (JFB)
) (/home/giankyle/.miktex/texmfs/install/tex/generic/xint/xinttools.sty
Package: xinttools 2025/09/06 v1.4o Expandable and non-expandable utilities (JFB)
\XINT_toks=\toks25
) (/home/giankyle/.miktex/texmfs/install/tex/generic/xint/xintbinhex.sty
Package: xintbinhex 2025/09/06 v1.4o Expandable radix conversions (2, 8, 10, and 16) (JFB)
)
Package: xintexpr 2025/09/06 v1.4o Expandable expression parser (JFB)
 (/home/giankyle/.miktex/texmfs/install/tex/generic/xint/xinttrig.sty
Package: xinttrig 2025/09/06 v1.4o Trigonometrical functions for xintexpr (JFB)
) (/home/giankyle/.miktex/texmfs/install/tex/generic/xint/xintlog.sty
Package: xintlog 2025/09/06 v1.4o Logarithms and exponentials for xintexpr (JFB)
 (/home/giankyle/.miktex/texmfs/install/tex/latex/poormanlog/poormanlog.sty
Package: poormanlog 2022/05/25 v0.07 base 10 log and pow with 9 digits (JFB)
 (/home/giankyle/.miktex/texmfs/install/tex/generic/poormanlog/poormanlog.tex)))) (/home/giankyle/.miktex/texmfs/install/tex/latex/graphics/graphicx.sty
Package: graphicx 2024/12/31 v1.2e Enhanced LaTeX Graphics (DPC,SPQR)
 (/home/giankyle/.miktex/texmfs/install/tex/latex/graphics/graphics.sty
Package: graphics 2024/08/06 v1.4g Standard LaTeX Graphics (DPC,SPQR)
 (/home/giankyle/.miktex/texmfs/install/tex/latex/graphics/trig.sty
Package: trig 2023/12/02 v1.11 sin cos tan (DPC)
) (/home/giankyle/.miktex/texmfs/install/tex/latex/graphics-cfg/graphics.cfg
File: graphics.cfg 2016/06/04 v1.11 sample graphics configuration
)
Package graphics Info: Driver file: pdftex.def on input line 106.
 (/home/giankyle/.miktex/texmfs/install/tex/latex/graphics-def/pdftex.def
File: pdftex.def 2024/04/13 v1.2c Graphics/color driver for pdftex
))
\Gin@req@height=\dimen183
\Gin@req@width=\dimen184
) (/home/giankyle/.miktex/texmfs/install/tex/latex/tools/multicol.sty
Package: multicol 2025/05/25 v2.0a multicolumn formatting (FMi)
\c@tracingmulticols=\count312
\mult@box=\box59
\multicol@leftmargin=\dimen185
\c@unbalance=\count313
\c@collectmore=\count314
\doublecol@number=\count315
\multicoltolerance=\count316
\multicolpretolerance=\count317
\full@width=\dimen186
\page@free=\dimen187
\premulticols=\dimen188
\postmulticols=\dimen189
\multicolsep=\skip57
\multicolbaselineskip=\skip58
\partial@page=\box60
\last@line=\box61
\mc@boxedresult=\box62
\maxbalancingoverflow=\dimen190
\mult@rightbox=\box63
\mult@grightbox=\box64
\mult@firstbox=\box65
\mult@gfirstbox=\box66
\@tempa=\box67
\@tempa=\box68
\@tempa=\box69
\@tempa=\box70
\@tempa=\box71
\@tempa=\box72
\@tempa=\box73
\@tempa=\box74
\@tempa=\box75
\@tempa=\box76
\@tempa=\box77
\@tempa=\box78
\@tempa=\box79
\@tempa=\box80
\@tempa=\box81
\@tempa=\box82
\@tempa=\box83
\@tempa=\box84
\@tempa=\box85
\@tempa=\box86
\@tempa=\box87
\@tempa=\box88
\@tempa=\box89
\@tempa=\box90
\@tempa=\box91
\@tempa=\box92
\@tempa=\box93
\@tempa=\box94
\@tempa=\box95
\@tempa=\box96
\@tempa=\box97
\@tempa=\box98
\@tempa=\box99
\@tempa=\box100
\@tempa=\box101
\@tempa=\box102
\c@minrows=\count318
\c@columnbadness=\count319
\c@finalcolumnbadness=\count320
\last@try=\dimen191
\multicolovershoot=\dimen192
\multicolundershoot=\dimen193
\mult@nat@firstbox=\box103
\colbreak@box=\box104
\mc@col@check@num=\count321
\g__mc_curr_col_int=\count322
) (/home/giankyle/.miktex/texmfs/install/tex/latex/multirow/multirow.sty
Package: multirow 2024/11/12 v2.9 Span multiple rows of a table
\multirow@colwidth=\skip59
\multirow@cntb=\count323
\multirow@dima=\skip60
\bigstrutjot=\dimen194
) (/home/giankyle/.miktex/texmfs/install/tex/latex/graphics/rotating.sty
Package: rotating 2025/01/14 v2.16e rotated objects in LaTeX
 (/home/giankyle/.miktex/texmfs/install/tex/latex/base/ifthen.sty
Package: ifthen 2024/03/16 v1.1e Standard LaTeX ifthen package (DPC)
)
\c@r@tfl@t=\count324
\rotFPtop=\skip61
\rotFPbot=\skip62
\rot@float@box=\box105
\rot@mess@toks=\toks26
) (/home/giankyle/.miktex/texmfs/install/tex/latex/pdflscape/pdflscape.sty
Package: pdflscape 2022-10-27 v0.13 Display of landscape pages in PDF
 (/home/giankyle/.miktex/texmfs/install/tex/latex/pdflscape/pdflscape-nometadata.sty
Package: pdflscape-nometadata 2022-10-28 v0.13 Display of landscape pages in PDF (HO)
 (/home/giankyle/.miktex/texmfs/install/tex/generic/iftex/iftex.sty
Package: iftex 2024/12/12 v1.0g TeX engine tests
) (/home/giankyle/.miktex/texmfs/install/tex/latex/graphics/lscape.sty
Package: lscape 2020/05/28 v3.02 Landscape Pages (DPC)
)
Package pdflscape Info: Auto-detected driver: pdftex on input line 81.
)) (/home/giankyle/.miktex/texmfs/install/tex/latex/mdwtools/mdwtab.sty
Package: mdwtab 1998/04/28 1.9 Table typesetting with style
\tab@state=\count325
\tab@columns=\count326
\tab@preamble=\toks27
\tab@shortline=\toks28
\extrarowheight=\dimen195
\tabextrasep=\dimen196
\arrayextrasep=\dimen197
\smarraycolsep=\dimen198
\smarrayextrasep=\dimen199
\tab@width=\dimen256
\col@sep=\dimen257
\tab@endheight=\dimen258
\tab@leftskip=\skip63
\tab@rightskip=\skip64
\fn@notes=\box106
\fn@width=\dimen259
) (/home/giankyle/.miktex/texmfs/install/tex/latex/ltablex/ltablex.sty
Package: ltablex 2014/08/13 v1.1 Modified tabularx
 (/home/giankyle/.miktex/texmfs/install/tex/latex/tools/longtable.sty
Package: longtable 2024-12-18 v4.23 Multi-page Table package (DPC)
\LTleft=\skip65
\LTright=\skip66
\LTpre=\skip67
\LTpost=\skip68
\LTchunksize=\count327
\LTcapwidth=\dimen260
\LT@head=\box107
\LT@firsthead=\box108
\LT@foot=\box109
\LT@lastfoot=\box110
\LT@gbox=\box111
\LT@cols=\count328
\LT@rows=\count329
\c@LT@tables=\count330
\c@LT@chunks=\count331
\LT@p@ftn=\toks29
) (/home/giankyle/.miktex/texmfs/install/tex/latex/tools/tabularx.sty
Package: tabularx 2023/12/11 v2.12a `tabularx' package (DPC)
\TX@col@width=\dimen261
\TX@old@table=\dimen262
\TX@old@col=\dimen263
\TX@target=\dimen264
\TX@delta=\dimen265
\TX@cols=\count332
\TX@ftn=\toks30
)) (/home/giankyle/.miktex/texmfs/install/tex/latex/eqparbox/eqparbox.sty
Package: eqparbox 2017/09/03 v4.1 Create equal-widthed boxes
\eqp@tempdima=\skip69
\eqp@tempdimb=\skip70
\eqp@tabular@box=\box112
\eqp@list@box=\box113
\eqp@list@indent=\skip71
 (/home/giankyle/.miktex/texmfs/install/tex/latex/environ/environ.sty
Package: environ 2014/05/04 v0.3 A new way to define environments
 (/home/giankyle/.miktex/texmfs/install/tex/latex/trimspaces/trimspaces.sty
Package: trimspaces 2009/09/17 v1.1 Trim spaces around a token list
))) (/home/giankyle/.miktex/texmfs/install/tex/latex/subfig/subfig.sty
Package: subfig 2005/06/28 ver: 1.3 subfig package
 (/home/giankyle/.miktex/texmfs/install/tex/latex/caption/caption3.sty
Package: caption3 2023/07/31 v2.4d caption3 kernel (AR)
\caption@tempdima=\dimen266
\captionmargin=\dimen267
\caption@leftmargin=\dimen268
\caption@rightmargin=\dimen269
\caption@width=\dimen270
\caption@indent=\dimen271
\caption@parindent=\dimen272
\caption@hangindent=\dimen273
Package caption Info: Unknown document class (or package),
(caption)             standard defaults will be used.
Package caption Info: \@makecaption = \long macro:#1#2->\ifx \@captype \@IEEEtablestring \footnotesize \bgroup \par \centering \@IEEEtabletopskipstrut {\normalfont \sffamily \footnotesize #1}\\{\normalfont \sffamily \footnotesize #2}\par \addvspace {0.5\baselineskip }\egroup \@IEEEtablecaptionsepspace \else \@IEEEfigurecaptionsepspace \setbox \@tempboxa \hbox {\normalfont \sffamily \footnotesize {#1.}\nobreakspace #2}\ifdim \wd \@tempboxa >\hsize \setbox \@tempboxa \hbox {\normalfont \sffamily \footnotesize {#1.}\nobreakspace }\parbox [t]{\hsize }{\normalfont \sffamily \footnotesize \noindent \unhbox \@tempboxa #2}\else \hbox to\hsize {\normalfont \sffamily \footnotesize \box \@tempboxa \hfil }\fi \fi  on input line 1175.
)
\c@KVtest=\count333
\sf@farskip=\skip72
\sf@captopadj=\dimen274
\sf@capskip=\skip73
\sf@nearskip=\skip74
\c@subfigure=\count334
\c@subfigure@save=\count335
\c@lofdepth=\count336
\c@subtable=\count337
\c@subtable@save=\count338
\c@lotdepth=\count339
\sf@top=\skip75
\sf@bottom=\skip76
) (/home/giankyle/.miktex/texmfs/install/tex/latex/tools/verbatim.sty
Package: verbatim 2024-01-22 v1.5x LaTeX2e package for verbatim enhancements
\every@verbatim=\toks31
\verbatim@line=\toks32
\verbatim@in@stream=\read2
) (/home/giankyle/.miktex/texmfs/install/tex/latex/pdfpages/pdfpages.sty
Package: pdfpages 2025/07/23 v0.6g Insert pages of external PDF documents (AM)
 (/home/giankyle/.miktex/texmfs/install/tex/latex/tools/calc.sty
Package: calc 2025/03/01 v4.3b Infix arithmetic (KKT,FJ)
\calc@Acount=\count340
\calc@Bcount=\count341
\calc@Adimen=\dimen275
\calc@Bdimen=\dimen276
\calc@Askip=\skip77
\calc@Bskip=\skip78
LaTeX Info: Redefining \setlength on input line 86.
LaTeX Info: Redefining \addtolength on input line 87.
\calc@Ccount=\count342
\calc@Cskip=\skip79
) (/home/giankyle/.miktex/texmfs/install/tex/latex/eso-pic/eso-pic.sty
Package: eso-pic 2023/05/03 v3.0c eso-pic (RN)
\ESO@tempdima=\dimen277
\ESO@tempdimb=\dimen278
 (/home/giankyle/.miktex/texmfs/install/tex/latex/xcolor/xcolor.sty
Package: xcolor 2024/09/29 v3.02 LaTeX color extensions (UK)
 (/home/giankyle/.miktex/texmfs/install/tex/latex/graphics-cfg/color.cfg
File: color.cfg 2016/01/02 v1.6 sample color configuration
)
Package xcolor Info: Driver file: pdftex.def on input line 274.
 (/home/giankyle/.miktex/texmfs/install/tex/latex/graphics/mathcolor.ltx)
Package xcolor Info: Model `cmy' substituted by `cmy0' on input line 1349.
Package xcolor Info: Model `hsb' substituted by `rgb' on input line 1353.
Package xcolor Info: Model `RGB' extended on input line 1365.
Package xcolor Info: Model `HTML' substituted by `rgb' on input line 1367.
Package xcolor Info: Model `Hsb' substituted by `hsb' on input line 1368.
Package xcolor Info: Model `tHsb' substituted by `hsb' on input line 1369.
Package xcolor Info: Model `HSB' substituted by `hsb' on input line 1370.
Package xcolor Info: Model `Gray' substituted by `gray' on input line 1371.
Package xcolor Info: Model `wave' substituted by `hsb' on input line 1372.
)) (/home/giankyle/.miktex/texmfs/install/tex/latex/etoolbox/etoolbox.sty
Package: etoolbox 2025/02/11 v2.5l e-TeX tools for LaTeX (JAW)
\etb@tempcnta=\count343
)
\AM@pagewidth=\dimen279
\AM@pageheight=\dimen280
\AM@fboxrule=\dimen281
 (/home/giankyle/.miktex/texmfs/install/tex/latex/pdfpages/pppdftex.def
File: pppdftex.def 2025/07/23 v0.6g Pdfpages driver for pdfTeX (AM)
)
\pdfpages@includegraphics@status=\count344
\AM@pagebox=\box114
\AM@global@opts=\toks33
\AM@pagecnt=\count345
\AM@toc@title=\toks34
\AM@lof@heading=\toks35
\c@AM@survey=\count346
\AM@templatesizebox=\box115
) (/home/giankyle/.miktex/texmfs/install/tex/latex/booktabs/booktabs.sty
Package: booktabs 2020/01/12 v1.61803398 Publication quality tables
\heavyrulewidth=\dimen282
\lightrulewidth=\dimen283
\cmidrulewidth=\dimen284
\belowrulesep=\dimen285
\belowbottomsep=\dimen286
\aboverulesep=\dimen287
\abovetopsep=\dimen288
\cmidrulesep=\dimen289
\cmidrulekern=\dimen290
\defaultaddspace=\dimen291
\@cmidla=\count347
\@cmidlb=\count348
\@aboverulesep=\dimen292
\@belowrulesep=\dimen293
\@thisruleclass=\count349
\@lastruleclass=\count350
\@thisrulewidth=\dimen294
) (/home/giankyle/.miktex/texmfs/install/tex/latex/microtype/microtype.sty
Package: microtype 2025/07/09 v3.2b Micro-typographical refinements (RS)
\MT@toks=\toks36
\MT@tempbox=\box116
\MT@count=\count351
LaTeX Info: Redefining \noprotrusionifhmode on input line 1087.
LaTeX Info: Redefining \leftprotrusion on input line 1088.
\MT@prot@toks=\toks37
LaTeX Info: Redefining \rightprotrusion on input line 1107.
LaTeX Info: Redefining \textls on input line 1449.
\MT@outer@kern=\dimen295
LaTeX Info: Redefining \microtypecontext on input line 2053.
LaTeX Info: Redefining \textmicrotypecontext on input line 2070.
\MT@listname@count=\count352
 (/home/giankyle/.miktex/texmfs/install/tex/latex/microtype/microtype-pdftex.def
File: microtype-pdftex.def 2025/07/09 v3.2b Definitions specific to pdftex (RS)
LaTeX Info: Redefining \lsstyle on input line 944.
LaTeX Info: Redefining \lslig on input line 944.
\MT@outer@space=\skip80
)
Package microtype Info: Loading configuration file microtype.cfg.
 (/home/giankyle/.miktex/texmfs/install/tex/latex/microtype/microtype.cfg
File: microtype.cfg 2025/07/09 v3.2b microtype main configuration file (RS)
)
LaTeX Info: Redefining \microtypesetup on input line 3065.
) (/home/giankyle/.miktex/texmfs/install/tex/latex/textcase/textcase.sty
Package: textcase 2025/02/16 v1.05 Text only upper/lower case changing (DPC)
Package textcase Info: Defining Legacy names on input line 20.
) (/home/giankyle/.miktex/texmfs/install/tex/generic/babel/babel.sty
Package: babel 2025/08/03 v25.12 The multilingual framework for LuaLaTeX, pdfLaTeX and XeLaTeX
\babel@savecnt=\count353
LaTeX Encoding Info:    Redeclaring text command \ij (encoding OT1) on input line 2045.
LaTeX Encoding Info:    Redeclaring text command \IJ (encoding OT1) on input line 2047.
LaTeX Encoding Info:    Redeclaring text command \ij (encoding T1) on input line 2049.
LaTeX Encoding Info:    Redeclaring text command \IJ (encoding T1) on input line 2050.
LaTeX Encoding Info:    Ignoring declaration for text command \ij (encoding ?) on input line 2051.
LaTeX Encoding Info:    Ignoring declaration for text command \IJ (encoding ?) on input line 2053.
LaTeX Encoding Info:    Ignoring declaration for text command \SS (encoding ?) on input line 2078.
\U@D=\dimen296
\l@unhyphenated=\language79
 (/home/giankyle/.miktex/texmfs/install/tex/generic/babel/txtbabel.def)
\bbl@readstream=\read3
\bbl@dirlevel=\count354

*************************************
* Local config file bblopts.cfg used
*
(/usr/local/share/miktex-texmf/tex/latex/arabi/bblopts.cfg
File: bblopts.cfg 2005/09/08 v0.1 add Arabic and Farsi to "declared" options of babel
) (/usr/local/share/miktex-texmf/tex/latex/babel-english/english.ldf
Language: english 2017/06/06 v3.3r English support from the babel system
 (/home/giankyle/.miktex/texmfs/install/tex/generic/babel/locale/en/babel-english.tex
Package babel Info: Importing font and identification data for english
(babel)             from babel-en.ini. Reported on input line 12.
)
Package babel Info: Hyphen rules for 'canadian' set to \l@english
(babel)             (\language0). Reported on input line 102.
Package babel Info: Hyphen rules for 'australian' set to \l@ukenglish
(babel)             (\language73). Reported on input line 105.
Package babel Info: Hyphen rules for 'newzealand' set to \l@ukenglish
(babel)             (\language73). Reported on input line 108.
)) (/home/giankyle/.miktex/texmfs/install/tex/latex/blindtext/blindtext.sty
Package: blindtext 2012/01/06 V2.0 blindtext-Package
 (/home/giankyle/.miktex/texmfs/install/tex/latex/tools/xspace.sty
Package: xspace 2014/10/28 v1.13 Space after command names (DPC,MH)
)
\c@blindtext=\count355
\c@Blindtext=\count356
\c@blind@countparstart=\count357
\blind@countxx=\count358
\blindtext@numBlindtext=\count359
\blind@countyy=\count360
\c@blindlist=\count361
\c@blindlistlevel=\count362
\c@blindlist@level=\count363
\blind@listitem=\count364
\c@blind@listcount=\count365
\c@blind@levelcount=\count366
\blind@mathformula=\count367
\blind@Mathformula=\count368
\c@blind@randomcount=\count369
\c@blind@randommax=\count370
\c@blind@pangramcount=\count371
\c@blind@pangrammax=\count372
) (/home/giankyle/.miktex/texmfs/install/tex/latex/datetime/datetime.sty
Package: datetime 2015/03/20 v2.60 Date Time Package
 (/home/giankyle/.miktex/texmfs/install/tex/latex/fmtcount/fmtcount.sty
Package: fmtcount 2025/08/23 v3.11 Displaying the values of LaTeX counters (NT,VB,NE)
 (/home/giankyle/.miktex/texmfs/install/tex/latex/xkeyval/xkeyval.sty
Package: xkeyval 2022/06/16 v2.9 package option processing (HA)
 (/home/giankyle/.miktex/texmfs/install/tex/generic/xkeyval/xkeyval.tex (/home/giankyle/.miktex/texmfs/install/tex/generic/xkeyval/xkvutils.tex
\XKV@toks=\toks38
\XKV@tempa@toks=\toks39
)
\XKV@depth=\count373
File: xkeyval.tex 2014/12/03 v2.7a key=value parser (HA)
)) (/home/giankyle/.miktex/texmfs/install/tex/latex/fmtcount/fcprefix.sty
Package: fcprefix 2012/09/28
 (/home/giankyle/.miktex/texmfs/install/tex/latex/fmtcount/fcnumparser.sty
Package: fcnumparser 2017/06/15
\fc@digit@counter=\count374
))
\c@padzeroesN=\count375
\fc@tmpcatcode=\count376
 (/home/giankyle/.miktex/texmfs/install/tex/latex/fmtcount/fc-english.def
File: fc-english.def 2016/01/12
)
\@DT@modctr=\count377
\@ordinalctr=\count378
\@orgargctr=\count379
\@strctr=\count380
\@tmpstrctr=\count381
\@DT@loopN=\count382
\@DT@X=\count383
) (/home/giankyle/.miktex/texmfs/install/tex/latex/datetime/datetime-defaults.sty
Package: datetime-defaults 2013/09/10
)
\@day=\count384
\@month=\count385
\@year=\count386
\c@HOUR=\count387
\c@HOURXII=\count388
\c@MINUTE=\count389
\c@TOHOUR=\count390
\c@TOMINUTE=\count391
\c@SECOND=\count392
\currenthour=\count393
\currentminute=\count394
\currentsecond=\count395
Package datetime Info: No datetime.cfg file found, using default settings on input line 308.
\@dtctr=\count396
\dayofyear=\count397
\dayofweek=\count398
LaTeX Info: Redefining \today on input line 736.
\dt@a=\toks40
\dt@b=\toks41
) (/home/giankyle/.miktex/texmfs/install/tex/latex/comment/comment.sty
\CommentStream=\write3
 Excluding comment 'comment') (/home/giankyle/.miktex/texmfs/install/tex/latex/cite/cite.sty
LaTeX Info: Redefining \cite on input line 302.
LaTeX Info: Redefining \nocite on input line 332.
Package: cite 2015/02/27  v 5.5
) (/usr/local/share/miktex-texmf/tex/latex/hyperref/hyperref.sty
Package: hyperref 2025-07-12 v7.01o Hypertext links for LaTeX
 (/home/giankyle/.miktex/texmfs/install/tex/generic/kvdefinekeys/kvdefinekeys.sty
Package: kvdefinekeys 2019-12-19 v1.6 Define keys (HO)
) (/home/giankyle/.miktex/texmfs/install/tex/generic/pdfescape/pdfescape.sty
Package: pdfescape 2019/12/09 v1.15 Implements pdfTeX's escape features (HO)
 (/usr/local/share/miktex-texmf/tex/generic/pdftexcmds/pdftexcmds.sty
Package: pdftexcmds 2020-06-27 v0.33 Utility functions of pdfTeX for LuaTeX (HO)
 (/home/giankyle/.miktex/texmfs/install/tex/generic/infwarerr/infwarerr.sty
Package: infwarerr 2019/12/03 v1.5 Providing info/warning/error messages (HO)
)
Package pdftexcmds Info: \pdf@primitive is available.
Package pdftexcmds Info: \pdf@ifprimitive is available.
Package pdftexcmds Info: \pdfdraftmode found.
)) (/home/giankyle/.miktex/texmfs/install/tex/latex/hycolor/hycolor.sty
Package: hycolor 2020-01-27 v1.10 Color options for hyperref/bookmark (HO)
) (/usr/local/share/miktex-texmf/tex/latex/hyperref/nameref.sty
Package: nameref 2025-06-21 v2.57 Cross-referencing by name of section
 (/home/giankyle/.miktex/texmfs/install/tex/latex/refcount/refcount.sty
Package: refcount 2019/12/15 v3.6 Data extraction from label references (HO)
) (/home/giankyle/.miktex/texmfs/install/tex/generic/gettitlestring/gettitlestring.sty
Package: gettitlestring 2019/12/15 v1.6 Cleanup title references (HO)
)
\c@section@level=\count399
) (/home/giankyle/.miktex/texmfs/install/tex/generic/stringenc/stringenc.sty
Package: stringenc 2019/11/29 v1.12 Convert strings between diff. encodings (HO)
)
\@linkdim=\dimen297
\Hy@linkcounter=\count400
\Hy@pagecounter=\count401
 (/usr/local/share/miktex-texmf/tex/latex/hyperref/pd1enc.def
File: pd1enc.def 2025-07-12 v7.01o Hyperref: PDFDocEncoding definition (HO)
Now handling font encoding PD1 ...
... no UTF-8 mapping file for font encoding PD1
) (/home/giankyle/.miktex/texmfs/install/tex/generic/intcalc/intcalc.sty
Package: intcalc 2019/12/15 v1.3 Expandable calculations with integers (HO)
)
\Hy@SavedSpaceFactor=\count402
 (/usr/local/share/miktex-texmf/tex/latex/hyperref/puenc.def
File: puenc.def 2025-07-12 v7.01o Hyperref: PDF Unicode definition (HO)
Now handling font encoding PU ...
... no UTF-8 mapping file for font encoding PU
)
Package hyperref Info: Hyper figures OFF on input line 4195.
Package hyperref Info: Link nesting OFF on input line 4200.
Package hyperref Info: Hyper index ON on input line 4203.
Package hyperref Info: Plain pages OFF on input line 4210.
Package hyperref Info: Backreferencing OFF on input line 4215.
Package hyperref Info: Implicit mode ON; LaTeX internals redefined.
Package hyperref Info: Bookmarks ON on input line 4462.
\c@Hy@tempcnt=\count403
 (/usr/local/share/miktex-texmf/tex/latex/url/url.sty
\Urlmuskip=\muskip18
Package: url 2013/09/16  ver 3.4  Verb mode for urls, etc.
)
LaTeX Info: Redefining \url on input line 4801.
\XeTeXLinkMargin=\dimen298
 (/home/giankyle/.miktex/texmfs/install/tex/generic/bitset/bitset.sty
Package: bitset 2019/12/09 v1.3 Handle bit-vector datatype (HO)
 (/home/giankyle/.miktex/texmfs/install/tex/generic/bigintcalc/bigintcalc.sty
Package: bigintcalc 2019/12/15 v1.5 Expandable calculations on big integers (HO)
))
\Fld@menulength=\count404
\Field@Width=\dimen299
\Fld@charsize=\dimen300
Package hyperref Info: Hyper figures OFF on input line 6078.
Package hyperref Info: Link nesting OFF on input line 6083.
Package hyperref Info: Hyper index ON on input line 6086.
Package hyperref Info: backreferencing OFF on input line 6093.
Package hyperref Info: Link coloring OFF on input line 6098.
Package hyperref Info: Link coloring with OCG OFF on input line 6103.
Package hyperref Info: PDF/A mode OFF on input line 6108.
\Hy@abspage=\count405
\c@Item=\count406
\c@Hfootnote=\count407
)
Package hyperref Info: Driver (autodetected): hpdftex.
 (/usr/local/share/miktex-texmf/tex/latex/hyperref/hpdftex.def
File: hpdftex.def 2025-07-12 v7.01o Hyperref driver for pdfTeX
\Fld@listcount=\count408
\c@bookmark@seq@number=\count409
 (/home/giankyle/.miktex/texmfs/install/tex/latex/rerunfilecheck/rerunfilecheck.sty
Package: rerunfilecheck 2025-06-21 v1.11 Rerun checks for auxiliary files (HO)
 (/home/giankyle/.miktex/texmfs/install/tex/generic/uniquecounter/uniquecounter.sty
Package: uniquecounter 2019/12/15 v1.4 Provide unlimited unique counter (HO)
)
Package uniquecounter Info: New unique counter `rerunfilecheck' on input line 284.
)
\Hy@SectionHShift=\skip81
) (/home/giankyle/.miktex/texmfs/install/tex/latex/enumitem/enumitem.sty
Package: enumitem 2025/02/06 v3.11 Customized lists
\labelindent=\skip82
\enit@outerparindent=\dimen301
\enit@toks=\toks42
\enit@inbox=\box117
\enit@count@id=\count410
\enitdp@description=\count411
)
\loopcounter=\count412
 (/home/giankyle/.miktex/texmfs/install/tex/latex/algorithms/algorithmic.sty
Package: algorithmic 2009/08/24 v0.1 Document Style `algorithmic'
\c@ALC@unique=\count413
\c@ALC@line=\count414
\c@ALC@rem=\count415
\c@ALC@depth=\count416
\ALC@tlm=\skip83
\algorithmicindent=\skip84
) (/usr/local/share/miktex-texmf/tex/latex/pgf/frontendlayer/tikz.sty (/usr/local/share/miktex-texmf/tex/latex/pgf/basiclayer/pgf.sty (/usr/local/share/miktex-texmf/tex/latex/pgf/utilities/pgfrcs.sty (/usr/local/share/miktex-texmf/tex/generic/pgf/utilities/pgfutil-common.tex
\pgfutil@everybye=\toks43
\pgfutil@tempdima=\dimen302
\pgfutil@tempdimb=\dimen303
) (/usr/local/share/miktex-texmf/tex/generic/pgf/utilities/pgfutil-latex.def
\pgfutil@abb=\box118
) (/usr/local/share/miktex-texmf/tex/generic/pgf/utilities/pgfrcs.code.tex (/usr/local/share/miktex-texmf/tex/generic/pgf/pgf.revision.tex)
Package: pgfrcs 2025-08-29 v3.1.11a (3.1.11a)
))
Package: pgf 2025-08-29 v3.1.11a (3.1.11a)
 (/usr/local/share/miktex-texmf/tex/latex/pgf/basiclayer/pgfcore.sty (/usr/local/share/miktex-texmf/tex/latex/pgf/systemlayer/pgfsys.sty (/usr/local/share/miktex-texmf/tex/generic/pgf/systemlayer/pgfsys.code.tex
Package: pgfsys 2025-08-29 v3.1.11a (3.1.11a)
 (/usr/local/share/miktex-texmf/tex/generic/pgf/utilities/pgfkeys.code.tex
\pgfkeys@pathtoks=\toks44
\pgfkeys@temptoks=\toks45
 (/usr/local/share/miktex-texmf/tex/generic/pgf/utilities/pgfkeyslibraryfiltered.code.tex
\pgfkeys@tmptoks=\toks46
))
\pgf@x=\dimen304
\pgf@y=\dimen305
\pgf@xa=\dimen306
\pgf@ya=\dimen307
\pgf@xb=\dimen308
\pgf@yb=\dimen309
\pgf@xc=\dimen310
\pgf@yc=\dimen311
\pgf@xd=\dimen312
\pgf@yd=\dimen313
\w@pgf@writea=\write4
\r@pgf@reada=\read4
\c@pgf@counta=\count417
\c@pgf@countb=\count418
\c@pgf@countc=\count419
\c@pgf@countd=\count420
\t@pgf@toka=\toks47
\t@pgf@tokb=\toks48
\t@pgf@tokc=\toks49
\pgf@sys@id@count=\count421
 (/usr/local/share/miktex-texmf/tex/generic/pgf/systemlayer/pgf.cfg
File: pgf.cfg 2025-08-29 v3.1.11a (3.1.11a)
)
Driver file for pgf: pgfsys-pdftex.def
 (/usr/local/share/miktex-texmf/tex/generic/pgf/systemlayer/pgfsys-pdftex.def
File: pgfsys-pdftex.def 2025-08-29 v3.1.11a (3.1.11a)
 (/usr/local/share/miktex-texmf/tex/generic/pgf/systemlayer/pgfsys-common-pdf.def
File: pgfsys-common-pdf.def 2025-08-29 v3.1.11a (3.1.11a)
))) (/usr/local/share/miktex-texmf/tex/generic/pgf/systemlayer/pgfsyssoftpath.code.tex
File: pgfsyssoftpath.code.tex 2025-08-29 v3.1.11a (3.1.11a)
\pgfsyssoftpath@smallbuffer@items=\count422
\pgfsyssoftpath@bigbuffer@items=\count423
) (/usr/local/share/miktex-texmf/tex/generic/pgf/systemlayer/pgfsysprotocol.code.tex
File: pgfsysprotocol.code.tex 2025-08-29 v3.1.11a (3.1.11a)
)) (/usr/local/share/miktex-texmf/tex/generic/pgf/basiclayer/pgfcore.code.tex
Package: pgfcore 2025-08-29 v3.1.11a (3.1.11a)
 (/usr/local/share/miktex-texmf/tex/generic/pgf/math/pgfmath.code.tex (/usr/local/share/miktex-texmf/tex/generic/pgf/math/pgfmathutil.code.tex) (/usr/local/share/miktex-texmf/tex/generic/pgf/math/pgfmathparser.code.tex
\pgfmath@dimen=\dimen314
\pgfmath@count=\count424
\pgfmath@box=\box119
\pgfmath@toks=\toks50
\pgfmath@stack@operand=\toks51
\pgfmath@stack@operation=\toks52
) (/usr/local/share/miktex-texmf/tex/generic/pgf/math/pgfmathfunctions.code.tex) (/usr/local/share/miktex-texmf/tex/generic/pgf/math/pgfmathfunctions.basic.code.tex) (/usr/local/share/miktex-texmf/tex/generic/pgf/math/pgfmathfunctions.trigonometric.code.tex) (/usr/local/share/miktex-texmf/tex/generic/pgf/math/pgfmathfunctions.random.code.tex) (/usr/local/share/miktex-texmf/tex/generic/pgf/math/pgfmathfunctions.comparison.code.tex) (/usr/local/share/miktex-texmf/tex/generic/pgf/math/pgfmathfunctions.base.code.tex) (/usr/local/share/miktex-texmf/tex/generic/pgf/math/pgfmathfunctions.round.code.tex) (/usr/local/share/miktex-texmf/tex/generic/pgf/math/pgfmathfunctions.misc.code.tex) (/usr/local/share/miktex-texmf/tex/generic/pgf/math/pgfmathfunctions.integerarithmetics.code.tex) (/usr/local/share/miktex-texmf/tex/generic/pgf/math/pgfmathcalc.code.tex) (/usr/local/share/miktex-texmf/tex/generic/pgf/math/pgfmathfloat.code.tex
\c@pgfmathroundto@lastzeros=\count425
)) (/usr/local/share/miktex-texmf/tex/generic/pgf/math/pgfint.code.tex) (/usr/local/share/miktex-texmf/tex/generic/pgf/basiclayer/pgfcorepoints.code.tex
File: pgfcorepoints.code.tex 2025-08-29 v3.1.11a (3.1.11a)
\pgf@picminx=\dimen315
\pgf@picmaxx=\dimen316
\pgf@picminy=\dimen317
\pgf@picmaxy=\dimen318
\pgf@pathminx=\dimen319
\pgf@pathmaxx=\dimen320
\pgf@pathminy=\dimen321
\pgf@pathmaxy=\dimen322
\pgf@xx=\dimen323
\pgf@xy=\dimen324
\pgf@yx=\dimen325
\pgf@yy=\dimen326
\pgf@zx=\dimen327
\pgf@zy=\dimen328
) (/usr/local/share/miktex-texmf/tex/generic/pgf/basiclayer/pgfcorepathconstruct.code.tex
File: pgfcorepathconstruct.code.tex 2025-08-29 v3.1.11a (3.1.11a)
\pgf@path@lastx=\dimen329
\pgf@path@lasty=\dimen330
) (/usr/local/share/miktex-texmf/tex/generic/pgf/basiclayer/pgfcorepathusage.code.tex
File: pgfcorepathusage.code.tex 2025-08-29 v3.1.11a (3.1.11a)
\pgf@shorten@end@additional=\dimen331
\pgf@shorten@start@additional=\dimen332
) (/usr/local/share/miktex-texmf/tex/generic/pgf/basiclayer/pgfcorescopes.code.tex
File: pgfcorescopes.code.tex 2025-08-29 v3.1.11a (3.1.11a)
\pgfpic=\box120
\pgf@hbox=\box121
\pgf@layerbox@main=\box122
\pgf@picture@serial@count=\count426
) (/usr/local/share/miktex-texmf/tex/generic/pgf/basiclayer/pgfcoregraphicstate.code.tex
File: pgfcoregraphicstate.code.tex 2025-08-29 v3.1.11a (3.1.11a)
\pgflinewidth=\dimen333
) (/usr/local/share/miktex-texmf/tex/generic/pgf/basiclayer/pgfcoretransformations.code.tex
File: pgfcoretransformations.code.tex 2025-08-29 v3.1.11a (3.1.11a)
\pgf@pt@x=\dimen334
\pgf@pt@y=\dimen335
\pgf@pt@temp=\dimen336
) (/usr/local/share/miktex-texmf/tex/generic/pgf/basiclayer/pgfcorequick.code.tex
File: pgfcorequick.code.tex 2025-08-29 v3.1.11a (3.1.11a)
) (/usr/local/share/miktex-texmf/tex/generic/pgf/basiclayer/pgfcoreobjects.code.tex
File: pgfcoreobjects.code.tex 2025-08-29 v3.1.11a (3.1.11a)
) (/usr/local/share/miktex-texmf/tex/generic/pgf/basiclayer/pgfcorepathprocessing.code.tex
File: pgfcorepathprocessing.code.tex 2025-08-29 v3.1.11a (3.1.11a)
) (/usr/local/share/miktex-texmf/tex/generic/pgf/basiclayer/pgfcorearrows.code.tex
File: pgfcorearrows.code.tex 2025-08-29 v3.1.11a (3.1.11a)
\pgfarrowsep=\dimen337
) (/usr/local/share/miktex-texmf/tex/generic/pgf/basiclayer/pgfcoreshade.code.tex
File: pgfcoreshade.code.tex 2025-08-29 v3.1.11a (3.1.11a)
\pgf@max=\dimen338
\pgf@sys@shading@range@num=\count427
\pgf@shadingcount=\count428
) (/usr/local/share/miktex-texmf/tex/generic/pgf/basiclayer/pgfcoreimage.code.tex
File: pgfcoreimage.code.tex 2025-08-29 v3.1.11a (3.1.11a)
) (/usr/local/share/miktex-texmf/tex/generic/pgf/basiclayer/pgfcoreexternal.code.tex
File: pgfcoreexternal.code.tex 2025-08-29 v3.1.11a (3.1.11a)
\pgfexternal@startupbox=\box123
) (/usr/local/share/miktex-texmf/tex/generic/pgf/basiclayer/pgfcorelayers.code.tex
File: pgfcorelayers.code.tex 2025-08-29 v3.1.11a (3.1.11a)
) (/usr/local/share/miktex-texmf/tex/generic/pgf/basiclayer/pgfcoretransparency.code.tex
File: pgfcoretransparency.code.tex 2025-08-29 v3.1.11a (3.1.11a)
) (/usr/local/share/miktex-texmf/tex/generic/pgf/basiclayer/pgfcorepatterns.code.tex
File: pgfcorepatterns.code.tex 2025-08-29 v3.1.11a (3.1.11a)
) (/usr/local/share/miktex-texmf/tex/generic/pgf/basiclayer/pgfcorerdf.code.tex
File: pgfcorerdf.code.tex 2025-08-29 v3.1.11a (3.1.11a)
))) (/usr/local/share/miktex-texmf/tex/generic/pgf/modules/pgfmoduleshapes.code.tex
File: pgfmoduleshapes.code.tex 2025-08-29 v3.1.11a (3.1.11a)
\pgfnodeparttextbox=\box124
) (/usr/local/share/miktex-texmf/tex/generic/pgf/modules/pgfmoduleplot.code.tex
File: pgfmoduleplot.code.tex 2025-08-29 v3.1.11a (3.1.11a)
) (/usr/local/share/miktex-texmf/tex/latex/pgf/compatibility/pgfcomp-version-0-65.sty
Package: pgfcomp-version-0-65 2025-08-29 v3.1.11a (3.1.11a)
\pgf@nodesepstart=\dimen339
\pgf@nodesepend=\dimen340
) (/usr/local/share/miktex-texmf/tex/latex/pgf/compatibility/pgfcomp-version-1-18.sty
Package: pgfcomp-version-1-18 2025-08-29 v3.1.11a (3.1.11a)
)) (/usr/local/share/miktex-texmf/tex/latex/pgf/utilities/pgffor.sty (/usr/local/share/miktex-texmf/tex/latex/pgf/utilities/pgfkeys.sty (/usr/local/share/miktex-texmf/tex/generic/pgf/utilities/pgfkeys.code.tex)) (/usr/local/share/miktex-texmf/tex/latex/pgf/math/pgfmath.sty (/usr/local/share/miktex-texmf/tex/generic/pgf/math/pgfmath.code.tex)) (/usr/local/share/miktex-texmf/tex/generic/pgf/utilities/pgffor.code.tex
Package: pgffor 2025-08-29 v3.1.11a (3.1.11a)
\pgffor@iter=\dimen341
\pgffor@skip=\dimen342
\pgffor@stack=\toks53
\pgffor@toks=\toks54
)) (/usr/local/share/miktex-texmf/tex/generic/pgf/frontendlayer/tikz/tikz.code.tex
Package: tikz 2025-08-29 v3.1.11a (3.1.11a)
 (/usr/local/share/miktex-texmf/tex/generic/pgf/libraries/pgflibraryplothandlers.code.tex
File: pgflibraryplothandlers.code.tex 2025-08-29 v3.1.11a (3.1.11a)
\pgf@plot@mark@count=\count429
\pgfplotmarksize=\dimen343
)
\tikz@lastx=\dimen344
\tikz@lasty=\dimen345
\tikz@lastxsaved=\dimen346
\tikz@lastysaved=\dimen347
\tikz@lastmovetox=\dimen348
\tikz@lastmovetoy=\dimen349
\tikzleveldistance=\dimen350
\tikzsiblingdistance=\dimen351
\tikz@figbox=\box125
\tikz@figbox@bg=\box126
\tikz@tempbox=\box127
\tikz@tempbox@bg=\box128
\tikztreelevel=\count430
\tikznumberofchildren=\count431
\tikznumberofcurrentchild=\count432
\tikz@fig@count=\count433
 (/usr/local/share/miktex-texmf/tex/generic/pgf/modules/pgfmodulematrix.code.tex
File: pgfmodulematrix.code.tex 2025-08-29 v3.1.11a (3.1.11a)
\pgfmatrixcurrentrow=\count434
\pgfmatrixcurrentcolumn=\count435
\pgf@matrix@numberofcolumns=\count436
)
\tikz@expandcount=\count437
 (/usr/local/share/miktex-texmf/tex/generic/pgf/frontendlayer/tikz/libraries/tikzlibrarytopaths.code.tex
File: tikzlibrarytopaths.code.tex 2025-08-29 v3.1.11a (3.1.11a)
))) (/home/giankyle/.miktex/texmfs/install/tex/generic/alphalph/alphalph.sty
Package: alphalph 2019/12/09 v2.6 Convert numbers to letters (HO)
))
LaTeX Font Info:    Trying to load font information for OT1+phv on input line 9.
 (/home/giankyle/.miktex/texmfs/install/tex/latex/psnfss/ot1phv.fd
File: ot1phv.fd 2020/03/25 scalable font definitions for OT1/phv.
) (/usr/local/share/miktex-texmf/tex/latex/l3backend/l3backend-pdftex.def
File: l3backend-pdftex.def 2025-06-09 L3 backend support: PDF output (pdfTeX)
\l__color_backend_stack_int=\count438
) (/home/giankyle/Documents/LBYEC4F/LBYEC4F-EK3/report-template/build/LBYEC4F-Exp1.aux)
\openout1 = `LBYEC4F-Exp1.aux'.

LaTeX Font Info:    Checking defaults for OML/cmm/m/it on input line 9.
LaTeX Font Info:    ... okay on input line 9.
LaTeX Font Info:    Checking defaults for OMS/cmsy/m/n on input line 9.
LaTeX Font Info:    ... okay on input line 9.
LaTeX Font Info:    Checking defaults for OT1/cmr/m/n on input line 9.
LaTeX Font Info:    ... okay on input line 9.
LaTeX Font Info:    Checking defaults for T1/cmr/m/n on input line 9.
LaTeX Font Info:    ... okay on input line 9.
LaTeX Font Info:    Checking defaults for TS1/cmr/m/n on input line 9.
LaTeX Font Info:    ... okay on input line 9.
LaTeX Font Info:    Checking defaults for OMX/cmex/m/n on input line 9.
LaTeX Font Info:    ... okay on input line 9.
LaTeX Font Info:    Checking defaults for U/cmr/m/n on input line 9.
LaTeX Font Info:    ... okay on input line 9.
LaTeX Font Info:    Checking defaults for PD1/pdf/m/n on input line 9.
LaTeX Font Info:    ... okay on input line 9.
LaTeX Font Info:    Checking defaults for PU/pdf/m/n on input line 9.
LaTeX Font Info:    ... okay on input line 9.
LaTeX Font Info:    Font shape `OT1/phv/m/it' in size <5.01874> not available
(Font)              Font shape `OT1/phv/m/sl' tried instead on input line 9.
LaTeX Font Info:    Font shape `OT1/phv/b/it' in size <5.01874> not available
(Font)              Font shape `OT1/phv/b/sl' tried instead on input line 9.
LaTeX Font Info:    Font shape `OT1/phv/m/it' in size <7.02625> not available
(Font)              Font shape `OT1/phv/m/sl' tried instead on input line 9.
LaTeX Font Info:    Font shape `OT1/phv/b/it' in size <7.02625> not available
(Font)              Font shape `OT1/phv/b/sl' tried instead on input line 9.
LaTeX Font Info:    Font shape `OT1/phv/m/it' in size <8.03> not available
(Font)              Font shape `OT1/phv/m/sl' tried instead on input line 9.
LaTeX Font Info:    Font shape `OT1/phv/b/it' in size <8.03> not available
(Font)              Font shape `OT1/phv/b/sl' tried instead on input line 9.
LaTeX Font Info:    Font shape `OT1/phv/m/it' in size <8.53186> not available
(Font)              Font shape `OT1/phv/m/sl' tried instead on input line 9.
LaTeX Font Info:    Font shape `OT1/phv/b/it' in size <8.53186> not available
(Font)              Font shape `OT1/phv/b/sl' tried instead on input line 9.
LaTeX Font Info:    Font shape `OT1/phv/m/it' in size <9.03374> not available
(Font)              Font shape `OT1/phv/m/sl' tried instead on input line 9.
LaTeX Font Info:    Font shape `OT1/phv/b/it' in size <9.03374> not available
(Font)              Font shape `OT1/phv/b/sl' tried instead on input line 9.
LaTeX Font Info:    Font shape `OT1/phv/m/it' in size <10.03749> not available
(Font)              Font shape `OT1/phv/m/sl' tried instead on input line 9.
LaTeX Font Info:    Font shape `OT1/phv/b/it' in size <10.03749> not available
(Font)              Font shape `OT1/phv/b/sl' tried instead on input line 9.
LaTeX Font Info:    Font shape `OT1/phv/m/it' in size <14.05249> not available
(Font)              Font shape `OT1/phv/m/sl' tried instead on input line 9.
LaTeX Font Info:    Font shape `OT1/phv/b/it' in size <14.05249> not available
(Font)              Font shape `OT1/phv/b/sl' tried instead on input line 9.
LaTeX Font Info:    Font shape `OT1/phv/m/it' in size <17.06374> not available
(Font)              Font shape `OT1/phv/m/sl' tried instead on input line 9.
LaTeX Font Info:    Font shape `OT1/phv/b/it' in size <17.06374> not available
(Font)              Font shape `OT1/phv/b/sl' tried instead on input line 9.
LaTeX Font Info:    Font shape `OT1/phv/m/it' in size <20.075> not available
(Font)              Font shape `OT1/phv/m/sl' tried instead on input line 9.
LaTeX Font Info:    Font shape `OT1/phv/b/it' in size <20.075> not available
(Font)              Font shape `OT1/phv/b/sl' tried instead on input line 9.

-- Lines per column: 65 (exact).
(/usr/local/share/miktex-texmf/tex/context/base/mkii/supp-pdf.mkii
[Loading MPS to PDF converter (version 2006.09.02).]
\scratchcounter=\count439
\scratchdimen=\dimen352
\scratchbox=\box129
\nofMPsegments=\count440
\nofMParguments=\count441
\everyMPshowfont=\toks55
\MPscratchCnt=\count442
\MPscratchDim=\dimen353
\MPnumerator=\count443
\makeMPintoPDFobject=\count444
\everyMPtoPDFconversion=\toks56
) (/usr/local/share/miktex-texmf/tex/latex/epstopdf-pkg/epstopdf-base.sty
Package: epstopdf-base 2020-01-24 v2.11 Base part for package epstopdf
Package epstopdf-base Info: Redefining graphics rule for `.eps' on input line 485.
 (/usr/local/share/miktex-texmf/tex/latex/00miktex/epstopdf-sys.cfg
File: epstopdf-sys.cfg 2021/03/18 v2.0 Configuration of epstopdf for MiKTeX
))
Package caption Info: Begin \AtBeginDocument code.
Package caption Info: subfig package v1.3 is loaded.
Package caption Info: End \AtBeginDocument code.
LaTeX Info: Redefining \microtypecontext on input line 9.
Package microtype Info: Applying patch `item' on input line 9.
Package microtype Info: Applying patch `toc' on input line 9.
Package microtype Info: Applying patch `eqnum' on input line 9.
Package microtype Info: Applying patch `footnote' on input line 9.
Package microtype Info: Applying patch `verbatim' on input line 9.
LaTeX Info: Redefining \microtypesetup on input line 9.
Package microtype Info: Generating PDF output.
Package microtype Info: Character protrusion enabled (level 2).
Package microtype Info: Using default protrusion set `alltext'.
Package microtype Info: Automatic font expansion enabled (level 2),
(microtype)             stretch: 20, shrink: 20, step: 1, non-selected.
Package microtype Info: Using default expansion set `alltext-nott'.
Package microtype Info: Patching command `\showhyphens'.
Package microtype Info: No adjustment of tracking.
Package microtype Info: No adjustment of interword spacing.
Package microtype Info: No adjustment of character kerning.
Package microtype Info: Loading generic protrusion settings for font family
(microtype)             `phv' (encoding: OT1).
(microtype)             For optimal results, create family-specific settings.
(microtype)             See the microtype manual for details.
Package hyperref Info: Link coloring OFF on input line 9.
 (/home/giankyle/Documents/LBYEC4F/LBYEC4F-EK3/report-template/build/LBYEC4F-Exp1.out) (/home/giankyle/Documents/LBYEC4F/LBYEC4F-EK3/report-template/build/LBYEC4F-Exp1.out)
\@outlinefile=\write5
\openout5 = `LBYEC4F-Exp1.out'.

LaTeX Font Info:    Calculating math sizes for size <8.53186> on input line 42.
 (/home/giankyle/.miktex/texmfs/install/tex/latex/microtype/mt-cmr.cfg
File: mt-cmr.cfg 2013/05/19 v2.2 microtype config. file: Computer Modern Roman (RS)
)
LaTeX Font Info:    Trying to load font information for U+msa on input line 42.
 (/home/giankyle/.miktex/texmfs/install/tex/latex/amsfonts/umsa.fd
File: umsa.fd 2013/01/14 v3.01 AMS symbols A
) (/home/giankyle/.miktex/texmfs/install/tex/latex/microtype/mt-msa.cfg
File: mt-msa.cfg 2006/02/04 v1.1 microtype config. file: AMS symbols (a) (RS)
)
LaTeX Font Info:    Trying to load font information for U+msb on input line 42.
 (/home/giankyle/.miktex/texmfs/install/tex/latex/amsfonts/umsb.fd
File: umsb.fd 2013/01/14 v3.01 AMS symbols B
) (/home/giankyle/.miktex/texmfs/install/tex/latex/microtype/mt-msb.cfg
File: mt-msb.cfg 2005/06/01 v1.0 microtype config. file: AMS symbols (b) (RS)
)
LaTeX Font Info:    Trying to load font information for U+rsfs on input line 42.
 (/home/giankyle/.miktex/texmfs/install/tex/latex/jknappen/ursfs.fd
File: ursfs.fd 1998/03/24 rsfs font definition file (jk)
)
<figure/JAD_signature.pdf, id=250, 1012.78375pt x 169.63374pt>
File: figure/JAD_signature.pdf Graphic file (type pdf)
<use figure/JAD_signature.pdf>
Package pdftex.def Info: figure/JAD_signature.pdf  used on input line 42.
(pdftex.def)             Requested size: 133.19643pt x 22.31071pt.
<figure/NBF_signature.pdf, id=251, 438.63875pt x 115.43124pt>
File: figure/NBF_signature.pdf Graphic file (type pdf)
<use figure/NBF_signature.pdf>
Package pdftex.def Info: figure/NBF_signature.pdf  used on input line 42.
(pdftex.def)             Requested size: 84.78123pt x 22.31071pt.
<figure/MCR_signature.pdf, id=252, 549.05125pt x 96.36pt>
File: figure/MCR_signature.pdf Graphic file (type pdf)
<use figure/MCR_signature.pdf>
Package pdftex.def Info: figure/MCR_signature.pdf  used on input line 42.
(pdftex.def)             Requested size: 127.11691pt x 22.31071pt.
File: figure/MCR_signature.pdf Graphic file (type pdf)
<use figure/MCR_signature.pdf>
Package pdftex.def Info: figure/MCR_signature.pdf  used on input line 42.
(pdftex.def)             Requested size: 127.11691pt x 22.31071pt.
LaTeX Font Info:    Calculating math sizes for size <10.03749> on input line 42.
LaTeX Font Info:    Trying to load font information for U+pzd on input line 42.
 (/home/giankyle/.miktex/texmfs/install/tex/latex/psnfss/upzd.fd
File: upzd.fd 2001/06/04 font definitions for U/pzd.
)
File: figure/JAD_signature.pdf Graphic file (type pdf)
<use figure/JAD_signature.pdf>
Package pdftex.def Info: figure/JAD_signature.pdf  used on input line 42.
(pdftex.def)             Requested size: 133.19643pt x 22.31071pt.
File: figure/NBF_signature.pdf Graphic file (type pdf)
<use figure/NBF_signature.pdf>
Package pdftex.def Info: figure/NBF_signature.pdf  used on input line 42.
(pdftex.def)             Requested size: 84.78123pt x 22.31071pt.
File: figure/MCR_signature.pdf Graphic file (type pdf)
<use figure/MCR_signature.pdf>
Package pdftex.def Info: figure/MCR_signature.pdf  used on input line 42.
(pdftex.def)             Requested size: 127.11691pt x 22.31071pt.
File: figure/MCR_signature.pdf Graphic file (type pdf)
<use figure/MCR_signature.pdf>
Package pdftex.def Info: figure/MCR_signature.pdf  used on input line 42.
(pdftex.def)             Requested size: 127.11691pt x 22.31071pt.
File: figure/JAD_signature.pdf Graphic file (type pdf)
<use figure/JAD_signature.pdf>
Package pdftex.def Info: figure/JAD_signature.pdf  used on input line 42.
(pdftex.def)             Requested size: 133.19643pt x 22.31071pt.
File: figure/NBF_signature.pdf Graphic file (type pdf)
<use figure/NBF_signature.pdf>
Package pdftex.def Info: figure/NBF_signature.pdf  used on input line 42.
(pdftex.def)             Requested size: 84.78123pt x 22.31071pt.
File: figure/MCR_signature.pdf Graphic file (type pdf)
<use figure/MCR_signature.pdf>
Package pdftex.def Info: figure/MCR_signature.pdf  used on input line 42.
(pdftex.def)             Requested size: 127.11691pt x 22.31071pt.
File: figure/MCR_signature.pdf Graphic file (type pdf)
<use figure/MCR_signature.pdf>
Package pdftex.def Info: figure/MCR_signature.pdf  used on input line 42.
(pdftex.def)             Requested size: 127.11691pt x 22.31071pt.
LaTeX Font Info:    Calculating math sizes for size <8.03> on input line 42.


LaTeX Font Info:    Calculating math sizes for size <9.03374> on input line 144.



Overfull \hbox (3.90652pt too wide) has occurred while \output is active
[][] [] \OT1/phv/m/n/7.02625 1
 []

[1{/home/giankyle/.miktex/texmfs/data/fonts/map/pdftex/pdftex.map}{/usr/local/share/miktex-texmf/fonts/enc/dvips/base/8r.enc}


 <./figure/JAD_signature.pdf> <./figure/NBF_signature.pdf> <./figure/MCR_signature.pdf>]




Overfull \hbox (3.90652pt too wide) has occurred while \output is active
[][] [] \OT1/phv/m/n/7.02625 2
 []

[2]

Package hyperref Warning: Token not allowed in a PDF string (Unicode):
(hyperref)                removing `math shift' on input line 298.


Package hyperref Warning: Token not allowed in a PDF string (Unicode):
(hyperref)                removing `math shift' on input line 298.


Underfull \hbox (badness 5460) in paragraph at lines 373--374
\OT1/phv/m/n/9.03374 (+20) On what con-tri-bu-tions to spec-ify, see the terms at
 []


Underfull \hbox (badness 10000) in paragraph at lines 373--374
[]$\OT1/phv/m/n/9.03374 (+20) www . elsevier . com / researcher / author / policies-[]and-[]guidelines /
 []



(/home/giankyle/Documents/LBYEC4F/LBYEC4F-EK3/report-template/build/LBYEC4F-Exp1.bbl
LaTeX Font Info:    Font shape `OT1/phv/m/it' in size <5.62097> not available
(Font)              Font shape `OT1/phv/m/sl' tried instead on input line 31.
)


Overfull \hbox (3.90652pt too wide) has occurred while \output is active
[][] [] \OT1/phv/m/n/7.02625 3
 []

[3]
<figure/not_a_rubric.pdf, id=388, 542.025pt x 722.7pt>
File: figure/not_a_rubric.pdf Graphic file (type pdf)
<use figure/not_a_rubric.pdf>
Package pdftex.def Info: figure/not_a_rubric.pdf  used on input line 428.
(pdftex.def)             Requested size: 517.935pt x 690.6082pt.

Overfull \hbox (3.90652pt too wide) has occurred while \output is active
[][] [] \OT1/phv/m/n/7.02625 4
 []

[4 <./figure/not_a_rubric.pdf>]


Underfull \hbox (badness 10000) in paragraph at lines 580--581
[][]$\OT1/phv/m/n/9.03374 (+20) http : / / www . mcgill . ca / library / ^^Lles / library / jabref[]guide[]
 []

LaTeX Font Info:    Trying to load font information for OT1+pcr on input line 585.
(/home/giankyle/.miktex/texmfs/install/tex/latex/psnfss/ot1pcr.fd
File: ot1pcr.fd 2001/06/04 font definitions for OT1/pcr.
)
Underfull \hbox (badness 10000) in paragraph at lines 585--586
[]\OT1/phv/m/n/9.03374 (+20) The bib-li-og-ra-phy for-mat fol-lows the IEEE ref-er-
 []


Underfull \hbox (badness 10000) in paragraph at lines 585--586
\OT1/phv/m/n/9.03374 (+20) enc-ing style, i.e. its cor-re-spond-ing L[]T[]X code
 []


Underfull \hbox (badness 10000) in paragraph at lines 585--586
\OT1/phv/m/n/9.03374 (+20) is [][]\OT1/pcr/m/n/9.03374 \bibliographystyle{IEEEtr} []\OT1/phv/m/n/9.03374 (+20) and the
 []


Underfull \hbox (badness 1668) in paragraph at lines 585--586
\OT1/phv/m/n/9.03374 (+20) spe-cific Bib-TeX file is []$references . bib$[] and coded as
 []


Underfull \hbox (badness 1490) in paragraph at lines 585--586
[][]\OT1/pcr/m/n/9.03374 \bibliography{references}[]\OT1/phv/m/n/9.03374 (+20) , not-ing the ex-ten-sion
 []




Overfull \hbox (3.90652pt too wide) has occurred while \output is active
[][] [] \OT1/phv/m/n/7.02625 5
 []

[5

]
Underfull \hbox (badness 10000) in paragraph at lines 609--610
[]\OT1/phv/m/n/9.03374 (+20) If you are quot-ing spe-cific items of a pro-
 []


Underfull \hbox (badness 10000) in paragraph at lines 609--610
\OT1/phv/m/n/9.03374 (+20) gram-ming code or com-mand use monospace
 []


Underfull \hbox (badness 10000) in paragraph at lines 609--610
\OT1/phv/m/n/9.03374 (+20) fonts, e.g. [][]\OT1/pcr/m/n/9.03374 printf("hello, world\n");[]\OT1/phv/m/n/9.03374 (+20) ,
 []


Underfull \hbox (badness 10000) in paragraph at lines 609--610
\OT1/phv/m/n/9.03374 (+20) which is ac-com-plished by us-ing the com-mand
 []


Underfull \hbox (badness 10000) in paragraph at lines 609--610
[][]\OT1/pcr/m/n/9.03374 {\ttfamily printf("hello, world\n");} []\OT1/phv/m/n/9.03374 (+20) in
 []

<figure/Magnetization_vs_Applied_Field.pdf, id=478, 722.7pt x 542.025pt>
File: figure/Magnetization_vs_Applied_Field.pdf Graphic file (type pdf)
<use figure/Magnetization_vs_Applied_Field.pdf>
Package pdftex.def Info: figure/Magnetization_vs_Applied_Field.pdf  used on input line 635.
(pdftex.def)             Requested size: 252.94499pt x 189.70331pt.


<figure/Magnetization_vs_Applied_Field_1.pdf, id=488, 722.7pt x 542.025pt>
File: figure/Magnetization_vs_Applied_Field_1.pdf Graphic file (type pdf)
<use figure/Magnetization_vs_Applied_Field_1.pdf>
Package pdftex.def Info: figure/Magnetization_vs_Applied_Field_1.pdf  used on input line 676.
(pdftex.def)             Requested size: 227.64894pt x 170.73877pt.
<figure/Magnetization_vs_Applied_Field_2.pdf, id=489, 722.7pt x 542.025pt>
File: figure/Magnetization_vs_Applied_Field_2.pdf Graphic file (type pdf)
<use figure/Magnetization_vs_Applied_Field_2.pdf>
Package pdftex.def Info: figure/Magnetization_vs_Applied_Field_2.pdf  used on input line 679.
(pdftex.def)             Requested size: 227.64894pt x 170.73877pt.
<figure/Misclassification_Rate.pdf, id=490, 497.86pt x 399.4925pt>
File: figure/Misclassification_Rate.pdf Graphic file (type pdf)
<use figure/Misclassification_Rate.pdf>
Package pdftex.def Info: figure/Misclassification_Rate.pdf  used on input line 687.
(pdftex.def)             Requested size: 455.30174pt x 365.34918pt.
File: figure/Magnetization_vs_Applied_Field_1.pdf Graphic file (type pdf)
<use figure/Magnetization_vs_Applied_Field_1.pdf>
Package pdftex.def Info: figure/Magnetization_vs_Applied_Field_1.pdf  used on input line 697.
(pdftex.def)             Requested size: 202.35675pt x 151.76596pt.
File: figure/Magnetization_vs_Applied_Field_2.pdf Graphic file (type pdf)
<use figure/Magnetization_vs_Applied_Field_2.pdf>
Package pdftex.def Info: figure/Magnetization_vs_Applied_Field_2.pdf  used on input line 700.
(pdftex.def)             Requested size: 202.35675pt x 151.76596pt.
<figure/Magnetization_vs_Applied_Field_3.pdf, id=491, 722.7pt x 542.025pt>
File: figure/Magnetization_vs_Applied_Field_3.pdf Graphic file (type pdf)
<use figure/Magnetization_vs_Applied_Field_3.pdf>
Package pdftex.def Info: figure/Magnetization_vs_Applied_Field_3.pdf  used on input line 703.
(pdftex.def)             Requested size: 202.35675pt x 151.76596pt.
<figure/Magnetization_vs_Applied_Field_4.pdf, id=492, 722.7pt x 542.025pt>
File: figure/Magnetization_vs_Applied_Field_4.pdf Graphic file (type pdf)
<use figure/Magnetization_vs_Applied_Field_4.pdf>
Package pdftex.def Info: figure/Magnetization_vs_Applied_Field_4.pdf  used on input line 706.
(pdftex.def)             Requested size: 202.35675pt x 151.76596pt.
File: figure/Magnetization_vs_Applied_Field_1.pdf Graphic file (type pdf)
<use figure/Magnetization_vs_Applied_Field_1.pdf>
Package pdftex.def Info: figure/Magnetization_vs_Applied_Field_1.pdf  used on input line 716.
(pdftex.def)             Requested size: 113.82446pt x 85.36111pt.
File: figure/Magnetization_vs_Applied_Field_2.pdf Graphic file (type pdf)
<use figure/Magnetization_vs_Applied_Field_2.pdf>
Package pdftex.def Info: figure/Magnetization_vs_Applied_Field_2.pdf  used on input line 719.
(pdftex.def)             Requested size: 113.82446pt x 85.36111pt.
File: figure/Magnetization_vs_Applied_Field_3.pdf Graphic file (type pdf)
<use figure/Magnetization_vs_Applied_Field_3.pdf>
Package pdftex.def Info: figure/Magnetization_vs_Applied_Field_3.pdf  used on input line 722.
(pdftex.def)             Requested size: 113.82446pt x 85.36111pt.
File: figure/Magnetization_vs_Applied_Field_4.pdf Graphic file (type pdf)
<use figure/Magnetization_vs_Applied_Field_4.pdf>
Package pdftex.def Info: figure/Magnetization_vs_Applied_Field_4.pdf  used on input line 725.
(pdftex.def)             Requested size: 113.82446pt x 85.36111pt.
File: figure/Magnetization_vs_Applied_Field_1.pdf Graphic file (type pdf)
<use figure/Magnetization_vs_Applied_Field_1.pdf>
Package pdftex.def Info: figure/Magnetization_vs_Applied_Field_1.pdf  used on input line 736.
(pdftex.def)             Requested size: 177.06071pt x 132.79314pt.
File: figure/Magnetization_vs_Applied_Field_2.pdf Graphic file (type pdf)
<use figure/Magnetization_vs_Applied_Field_2.pdf>
Package pdftex.def Info: figure/Magnetization_vs_Applied_Field_2.pdf  used on input line 739.
(pdftex.def)             Requested size: 177.06071pt x 132.79314pt.
File: figure/Magnetization_vs_Applied_Field_3.pdf Graphic file (type pdf)
<use figure/Magnetization_vs_Applied_Field_3.pdf>
Package pdftex.def Info: figure/Magnetization_vs_Applied_Field_3.pdf  used on input line 742.
(pdftex.def)             Requested size: 177.06071pt x 132.79314pt.
File: figure/Magnetization_vs_Applied_Field_4.pdf Graphic file (type pdf)
<use figure/Magnetization_vs_Applied_Field_4.pdf>
Package pdftex.def Info: figure/Magnetization_vs_Applied_Field_4.pdf  used on input line 745.
(pdftex.def)             Requested size: 177.06071pt x 132.79314pt.

Underfull \hbox (badness 10000) in paragraph at lines 758--759
[]\OT1/phv/m/n/9.03374 (+20) Excel2LaTeX []$http : / / www . ctan . org / tex-[]archive / support /
 []

LaTeX Font Info:    Calculating math sizes for size <7.02625> on input line 790.
LaTeX Info: Symbol \textasciiacute not provided by
            font family phv in TS1 encoding.
            Default family used instead on input line 808.
Package microtype Info: Loading generic protrusion settings for font family
(microtype)             `cmss' (encoding: OT1).
(microtype)             For optimal results, create family-specific settings.
(microtype)             See the microtype manual for details.
Package microtype Info: Loading generic protrusion settings for font family
(microtype)             `cmss' (encoding: TS1).
(microtype)             For optimal results, create family-specific settings.
(microtype)             See the microtype manual for details.
LaTeX Info: Symbol \textasciiacute not provided by
            font family phv in TS1 encoding.
            Default family used instead on input line 810.
LaTeX Info: Symbol \textasciiacute not provided by
            font family phv in TS1 encoding.
            Default family used instead on input line 812.
LaTeX Info: Symbol \textasciiacute not provided by
            font family phv in TS1 encoding.
            Default family used instead on input line 813.
LaTeX Info: Symbol \textasciiacute not provided by
            font family phv in TS1 encoding.
            Default family used instead on input line 814.



Overfull \hbox (3.90652pt too wide) has occurred while \output is active
[][] [] \OT1/phv/m/n/7.02625 6
 []

[6 <./figure/Magnetization_vs_Applied_Field.pdf>]

LaTeX Warning: Text page 7 contains only floats.


Overfull \vbox (2.14244pt too high) has occurred while \output is active []






Overfull \hbox (3.90652pt too wide) has occurred while \output is active
[][] [] \OT1/phv/m/n/7.02625 7
 []

[7 <./figure/Magnetization_vs_Applied_Field_1.pdf> <./figure/Magnetization_vs_Applied_Field_2.pdf

pdfTeX warning: pdflatex (file ./figure/Magnetization_vs_Applied_Field_2.pdf): PDF inclusion: multiple pdfs with page group included in a single page
> <./figure/Misclassification_Rate.pdf>]
Underfull \hbox (badness 1895) in paragraph at lines 965--966
[]\OT1/phv/m/n/9.03374 (+20) EqualX and its on-line coun-ter-parts like []$https : / / www .
 []


Underfull \vbox (badness 10000) has occurred while \output is active []




Underfull \vbox (badness 10000) has occurred while \output is active []




Overfull \hbox (3.90652pt too wide) has occurred while \output is active
[][] [] \OT1/phv/m/n/7.02625 8
 []

[8 <./figure/Magnetization_vs_Applied_Field_3.pdf> <./figure/Magnetization_vs_Applied_Field_4.pdf

pdfTeX warning: pdflatex (file ./figure/Magnetization_vs_Applied_Field_4.pdf): PDF inclusion: multiple pdfs with page group included in a single page
>]




Overfull \hbox (3.90652pt too wide) has occurred while \output is active
[][] [] \OT1/phv/m/n/7.02625 9
 []

[9]
Underfull \vbox (badness 10000) has occurred while \output is active []






Overfull \hbox (7.81306pt too wide) has occurred while \output is active
[][] [] \OT1/phv/m/n/7.02625 10
 []

[10]


Underfull \hbox (badness 3158) in paragraph at lines 1222--1223
[]\OT1/phv/m/n/9.03374 (+20) Write ``Mag-ne-ti-za-tion (kA/m)'' or ``Mag-ne-ti-za-tion
 []




Overfull \hbox (7.81306pt too wide) has occurred while \output is active
[][] [] \OT1/phv/m/n/7.02625 11
 []

[11] (/home/giankyle/Documents/LBYEC4F/LBYEC4F-EK3/report-template/build/LBYEC4F-Exp1.aux)
 ***********
LaTeX2e <2025-06-01> patch level 1
L3 programming layer <2025-08-13>
 ***********
Package rerunfilecheck Info: File `LBYEC4F-Exp1.out' has not changed.
(rerunfilecheck)             Checksum: B59C74A4EC97C2D2CD5C26AACE09B02A;18880.
 ) 
Here is how much of TeX's memory you used:
 35441 strings out of 468134
 641378 string characters out of 5437323
 1157548 words of memory out of 5000000
 62817 multiletter control sequences out of 15000+600000
 714698 words of font info for 409 fonts, out of 8000000 for 9000
 1144 hyphenation exceptions out of 8191
 93i,15n,96p,2791b,712s stack positions out of 10000i,1000n,20000p,200000b,200000s
 </home/giankyle/.miktex/texmfs/data/fonts/pk/ljfour/jknappen/ec/dpi600/tcss0700.pk></home/giankyle/.miktex/texmfs/install/fonts/type1/public/amsfonts/cmextra/cmex9.pfb></home/giankyle/.miktex/texmfs/install/fonts/type1/public/amsfonts/cm/cmmi5.pfb></home/giankyle/.miktex/texmfs/install/fonts/type1/public/amsfonts/cm/cmmi6.pfb></home/giankyle/.miktex/texmfs/install/fonts/type1/public/amsfonts/cm/cmmi7.pfb></home/giankyle/.miktex/texmfs/install/fonts/type1/public/amsfonts/cm/cmmi8.pfb></home/giankyle/.miktex/texmfs/install/fonts/type1/public/amsfonts/cm/cmmi9.pfb></home/giankyle/.miktex/texmfs/install/fonts/type1/public/amsfonts/cm/cmr5.pfb></home/giankyle/.miktex/texmfs/install/fonts/type1/public/amsfonts/cm/cmr6.pfb></home/giankyle/.miktex/texmfs/install/fonts/type1/public/amsfonts/cm/cmr7.pfb></home/giankyle/.miktex/texmfs/install/fonts/type1/public/amsfonts/cm/cmr8.pfb></home/giankyle/.miktex/texmfs/install/fonts/type1/public/amsfonts/cm/cmr9.pfb></home/giankyle/.miktex/texmfs/install/fonts/type1/public/amsfonts/cm/cmsy6.pfb></home/giankyle/.miktex/texmfs/install/fonts/type1/public/amsfonts/cm/cmsy7.pfb></home/giankyle/.miktex/texmfs/install/fonts/type1/public/amsfonts/cm/cmsy9.pfb></usr/local/share/miktex-texmf/fonts/type1/urw/courier/ucrr8a.pfb></usr/local/share/miktex-texmf/fonts/type1/urw/helvetic/uhvb8a.pfb></usr/local/share/miktex-texmf/fonts/type1/urw/helvetic/uhvr8a.pfb></usr/local/share/miktex-texmf/fonts/type1/urw/helvetic/uhvro8a.pfb></usr/local/share/miktex-texmf/fonts/type1/urw/zapfding/uzdr.pfb>
Output written on /home/giankyle/Documents/LBYEC4F/LBYEC4F-EK3/report-template/build/LBYEC4F-Exp1.pdf (11 pages, 587188 bytes).
PDF statistics:
 854 PDF objects out of 1000 (max. 8388607)
 313 named destinations out of 1000 (max. 500000)
 74791 words of extra memory for PDF output out of 89155 (max. 10000000)

